# JRE version: OpenJDK Runtime Environment Temurin-21.0.9+10 (21.0.9+10) (build 21.0.9+10-LTS)
# Java VM: OpenJDK 64-Bit Server VM Temurin-21.0.9+10 (21.0.9+10-LTS, mixed mode, sharing, tiered, compressed oops, compressed class ptrs, parallel gc, windows-amd64)
GC Precious Log:
 CardTable entry size: 512
 CPUs: 4 total, 4 available
 Memory: 8026M
 Large Page Support: Disabled
 NUMA Support: Disabled
 Compressed Oops: Enabled (32-bit)
 Alignments: Space 512K, Generation 512K, Heap 2M
 Heap Min Capacity: 100M
 Heap Initial Capacity: 100M
 Heap Max Capacity: 2G
 Pre-touch: Disabled
 Parallel Workers: 4
Heap:
 PSYoungGen      total 3072K, used 1288K [0x00000000d5580000, 0x00000000d5980000, 0x0000000100000000)
  eden space 2048K, 42% used [0x00000000d5580000,0x00000000d565a048,0x00000000d5780000)
  from space 1024K, 40% used [0x00000000d5780000,0x00000000d57e8000,0x00000000d5880000)
  to   space 512K, 0% used [0x00000000d5900000,0x00000000d5900000,0x00000000d5980000)
 ParOldGen       total 276992K, used 276625K [0x0000000080000000, 0x0000000090e80000, 0x00000000d5580000)
  object space 276992K, 99% used [0x0000000080000000,0x0000000090e24708,0x0000000090e80000)
 Metaspace       used 74047K, committed 75712K, reserved 1179648K
  class space    used 7854K, committed 8512K, reserved 1048576K
GC Heap History (20 events):
Event: 6487.147 GC heap before
{Heap before GC invocations=293 (full 3):
 PSYoungGen      total 2560K, used 2234K [0x00000000d5580000, 0x00000000d5980000, 0x0000000100000000)
  eden space 2048K, 100% used [0x00000000d5580000,0x00000000d5780000,0x00000000d5780000)
  from space 512K, 36% used [0x00000000d5880000,0x00000000d58ae900,0x00000000d5900000)
  to   space 512K, 0% used [0x00000000d5900000,0x00000000d5900000,0x00000000d5980000)
 ParOldGen       total 250368K, used 249175K [0x0000000080000000, 0x000000008f480000, 0x00000000d5580000)
  object space 250368K, 99% used [0x0000000080000000,0x000000008f355fc0,0x000000008f480000)
 Metaspace       used 73972K, committed 75584K, reserved 1179648K
  class space    used 7854K, committed 8512K, reserved 1048576K
}
Event: 6487.149 GC heap after
{Heap after GC invocations=293 (full 3):
 PSYoungGen      total 2560K, used 154K [0x00000000d5580000, 0x00000000d5980000, 0x0000000100000000)
  eden space 2048K, 0% used [0x00000000d5580000,0x00000000d5580000,0x00000000d5780000)
  from space 512K, 30% used [0x00000000d5900000,0x00000000d5926900,0x00000000d5980000)
  to   space 512K, 0% used [0x00000000d5880000,0x00000000d5880000,0x00000000d5900000)
 ParOldGen       total 250368K, used 249199K [0x0000000080000000, 0x000000008f480000, 0x00000000d5580000)
  object space 250368K, 99% used [0x0000000080000000,0x000000008f35bfc0,0x000000008f480000)
 Metaspace       used 73972K, committed 75584K, reserved 1179648K
  class space    used 7854K, committed 8512K, reserved 1048576K
}
Event: 6487.208 GC heap before
{Heap before GC invocations=294 (full 3):
 PSYoungGen      total 2560K, used 2202K [0x00000000d5580000, 0x00000000d5980000, 0x0000000100000000)
  eden space 2048K, 100% used [0x00000000d5580000,0x00000000d5780000,0x00000000d5780000)
  from space 512K, 30% used [0x00000000d5900000,0x00000000d5926900,0x00000000d5980000)
  to   space 512K, 0% used [0x00000000d5880000,0x00000000d5880000,0x00000000d5900000)
 ParOldGen       total 256512K, used 254487K [0x0000000080000000, 0x000000008fa80000, 0x00000000d5580000)
  object space 256512K, 99% used [0x0000000080000000,0x000000008f885eb0,0x000000008fa80000)
 Metaspace       used 73973K, committed 75584K, reserved 1179648K
  class space    used 7854K, committed 8512K, reserved 1048576K
}
Event: 6487.208 GC heap after
{Heap after GC invocations=294 (full 3):
 PSYoungGen      total 2560K, used 256K [0x00000000d5580000, 0x00000000d5980000, 0x0000000100000000)
  eden space 2048K, 0% used [0x00000000d5580000,0x00000000d5580000,0x00000000d5780000)
  from space 512K, 50% used [0x00000000d5880000,0x00000000d58c0000,0x00000000d5900000)
  to   space 512K, 0% used [0x00000000d5900000,0x00000000d5900000,0x00000000d5980000)
 ParOldGen       total 256512K, used 254572K [0x0000000080000000, 0x000000008fa80000, 0x00000000d5580000)
  object space 256512K, 99% used [0x0000000080000000,0x000000008f89b0b0,0x000000008fa80000)
 Metaspace       used 73973K, committed 75584K, reserved 1179648K
  class space    used 7854K, committed 8512K, reserved 1048576K
}
Event: 6487.253 GC heap before
{Heap before GC invocations=295 (full 3):
 PSYoungGen      total 2560K, used 2304K [0x00000000d5580000, 0x00000000d5980000, 0x0000000100000000)
  eden space 2048K, 100% used [0x00000000d5580000,0x00000000d5780000,0x00000000d5780000)
  from space 512K, 50% used [0x00000000d5880000,0x00000000d58c0000,0x00000000d5900000)
  to   space 512K, 0% used [0x00000000d5900000,0x00000000d5900000,0x00000000d5980000)
 ParOldGen       total 262656K, used 261622K [0x0000000080000000, 0x0000000090080000, 0x00000000d5580000)
  object space 262656K, 99% used [0x0000000080000000,0x000000008ff7d9f0,0x0000000090080000)
 Metaspace       used 73981K, committed 75584K, reserved 1179648K
  class space    used 7854K, committed 8512K, reserved 1048576K
}
Event: 6487.254 GC heap after
{Heap after GC invocations=295 (full 3):
 PSYoungGen      total 2560K, used 250K [0x00000000d5580000, 0x00000000d5980000, 0x0000000100000000)
  eden space 2048K, 0% used [0x00000000d5580000,0x00000000d5580000,0x00000000d5780000)
  from space 512K, 48% used [0x00000000d5900000,0x00000000d593e900,0x00000000d5980000)
  to   space 512K, 0% used [0x00000000d5880000,0x00000000d5880000,0x00000000d5900000)
 ParOldGen       total 262656K, used 261654K [0x0000000080000000, 0x0000000090080000, 0x00000000d5580000)
  object space 262656K, 99% used [0x0000000080000000,0x000000008ff859f0,0x0000000090080000)
 Metaspace       used 73981K, committed 75584K, reserved 1179648K
  class space    used 7854K, committed 8512K, reserved 1048576K
}
Event: 6487.279 GC heap before
{Heap before GC invocations=296 (full 3):
 PSYoungGen      total 2560K, used 2298K [0x00000000d5580000, 0x00000000d5980000, 0x0000000100000000)
  eden space 2048K, 100% used [0x00000000d5580000,0x00000000d5780000,0x00000000d5780000)
  from space 512K, 48% used [0x00000000d5900000,0x00000000d593e900,0x00000000d5980000)
  to   space 512K, 0% used [0x00000000d5880000,0x00000000d5880000,0x00000000d5900000)
 ParOldGen       total 264704K, used 263417K [0x0000000080000000, 0x0000000090280000, 0x00000000d5580000)
  object space 264704K, 99% used [0x0000000080000000,0x000000009013e440,0x0000000090280000)
 Metaspace       used 73982K, committed 75584K, reserved 1179648K
  class space    used 7854K, committed 8512K, reserved 1048576K
}
Event: 6487.281 GC heap after
{Heap after GC invocations=296 (full 3):
 PSYoungGen      total 2560K, used 96K [0x00000000d5580000, 0x00000000d5980000, 0x0000000100000000)
  eden space 2048K, 0% used [0x00000000d5580000,0x00000000d5580000,0x00000000d5780000)
  from space 512K, 18% used [0x00000000d5880000,0x00000000d5898000,0x00000000d5900000)
  to   space 512K, 0% used [0x00000000d5900000,0x00000000d5900000,0x00000000d5980000)
 ParOldGen       total 264704K, used 263473K [0x0000000080000000, 0x0000000090280000, 0x00000000d5580000)
  object space 264704K, 99% used [0x0000000080000000,0x000000009014c440,0x0000000090280000)
 Metaspace       used 73982K, committed 75584K, reserved 1179648K
  class space    used 7854K, committed 8512K, reserved 1048576K
}
Event: 6487.327 GC heap before
{Heap before GC invocations=297 (full 3):
 PSYoungGen      total 2560K, used 2143K [0x00000000d5580000, 0x00000000d5980000, 0x0000000100000000)
  eden space 2048K, 99% used [0x00000000d5580000,0x00000000d577fff0,0x00000000d5780000)
  from space 512K, 18% used [0x00000000d5880000,0x00000000d5898000,0x00000000d5900000)
  to   space 512K, 0% used [0x00000000d5900000,0x00000000d5900000,0x00000000d5980000)
 ParOldGen       total 266752K, used 265235K [0x0000000080000000, 0x0000000090480000, 0x00000000d5580000)
  object space 266752K, 99% used [0x0000000080000000,0x0000000090304e90,0x0000000090480000)
 Metaspace       used 73983K, committed 75584K, reserved 1179648K
  class space    used 7854K, committed 8512K, reserved 1048576K
}
Event: 6487.329 GC heap after
{Heap after GC invocations=297 (full 3):
 PSYoungGen      total 2560K, used 282K [0x00000000d5580000, 0x00000000d5980000, 0x0000000100000000)
  eden space 2048K, 0% used [0x00000000d5580000,0x00000000d5580000,0x00000000d5780000)
  from space 512K, 55% used [0x00000000d5900000,0x00000000d5946900,0x00000000d5980000)
  to   space 512K, 0% used [0x00000000d5880000,0x00000000d5880000,0x00000000d5900000)
 ParOldGen       total 266752K, used 265267K [0x0000000080000000, 0x0000000090480000, 0x00000000d5580000)
  object space 266752K, 99% used [0x0000000080000000,0x000000009030ce90,0x0000000090480000)
 Metaspace       used 73983K, committed 75584K, reserved 1179648K
  class space    used 7854K, committed 8512K, reserved 1048576K
}
Event: 6487.414 GC heap before
{Heap before GC invocations=298 (full 3):
 PSYoungGen      total 2560K, used 2330K [0x00000000d5580000, 0x00000000d5980000, 0x0000000100000000)
  eden space 2048K, 100% used [0x00000000d5580000,0x00000000d5780000,0x00000000d5780000)
  from space 512K, 55% used [0x00000000d5900000,0x00000000d5946900,0x00000000d5980000)
  to   space 512K, 0% used [0x00000000d5880000,0x00000000d5880000,0x00000000d5900000)
 ParOldGen       total 268800K, used 267030K [0x0000000080000000, 0x0000000090680000, 0x00000000d5580000)
  object space 268800K, 99% used [0x0000000080000000,0x00000000904c58e0,0x0000000090680000)
 Metaspace       used 73984K, committed 75584K, reserved 1179648K
  class space    used 7854K, committed 8512K, reserved 1048576K
}
Event: 6487.416 GC heap after
{Heap after GC invocations=298 (full 3):
 PSYoungGen      total 2560K, used 501K [0x00000000d5580000, 0x00000000d5980000, 0x0000000100000000)
  eden space 2048K, 0% used [0x00000000d5580000,0x00000000d5580000,0x00000000d5780000)
  from space 512K, 97% used [0x00000000d5880000,0x00000000d58fd600,0x00000000d5900000)
  to   space 512K, 0% used [0x00000000d5900000,0x00000000d5900000,0x00000000d5980000)
 ParOldGen       total 268800K, used 267046K [0x0000000080000000, 0x0000000090680000, 0x00000000d5580000)
  object space 268800K, 99% used [0x0000000080000000,0x00000000904c98e0,0x0000000090680000)
 Metaspace       used 73984K, committed 75584K, reserved 1179648K
  class space    used 7854K, committed 8512K, reserved 1048576K
}
Event: 6487.442 GC heap before
{Heap before GC invocations=299 (full 3):
 PSYoungGen      total 2560K, used 2537K [0x00000000d5580000, 0x00000000d5980000, 0x0000000100000000)
  eden space 2048K, 99% used [0x00000000d5580000,0x00000000d577ce78,0x00000000d5780000)
  from space 512K, 97% used [0x00000000d5880000,0x00000000d58fd600,0x00000000d5900000)
  to   space 512K, 0% used [0x00000000d5900000,0x00000000d5900000,0x00000000d5980000)
 ParOldGen       total 272896K, used 272333K [0x0000000080000000, 0x0000000090a80000, 0x00000000d5580000)
  object space 272896K, 99% used [0x0000000080000000,0x00000000909f37d0,0x0000000090a80000)
 Metaspace       used 73985K, committed 75584K, reserved 1179648K
  class space    used 7854K, committed 8512K, reserved 1048576K
}
Event: 6487.444 GC heap after
{Heap after GC invocations=299 (full 3):
 PSYoungGen      total 2560K, used 386K [0x00000000d5580000, 0x00000000d5980000, 0x0000000100000000)
  eden space 2048K, 0% used [0x00000000d5580000,0x00000000d5580000,0x00000000d5780000)
  from space 512K, 75% used [0x00000000d5900000,0x00000000d59609a8,0x00000000d5980000)
  to   space 512K, 0% used [0x00000000d5880000,0x00000000d5880000,0x00000000d5900000)
 ParOldGen       total 272896K, used 272520K [0x0000000080000000, 0x0000000090a80000, 0x00000000d5580000)
  object space 272896K, 99% used [0x0000000080000000,0x0000000090a22380,0x0000000090a80000)
 Metaspace       used 73985K, committed 75584K, reserved 1179648K
  class space    used 7854K, committed 8512K, reserved 1048576K
}
Event: 6487.458 GC heap before
{Heap before GC invocations=300 (full 3):
 PSYoungGen      total 2560K, used 2434K [0x00000000d5580000, 0x00000000d5980000, 0x0000000100000000)
  eden space 2048K, 100% used [0x00000000d5580000,0x00000000d5780000,0x00000000d5780000)
  from space 512K, 75% used [0x00000000d5900000,0x00000000d59609a8,0x00000000d5980000)
  to   space 512K, 0% used [0x00000000d5880000,0x00000000d5880000,0x00000000d5900000)
 ParOldGen       total 276992K, used 276046K [0x0000000080000000, 0x0000000090e80000, 0x00000000d5580000)
  object space 276992K, 99% used [0x0000000080000000,0x0000000090d93820,0x0000000090e80000)
 Metaspace       used 73985K, committed 75584K, reserved 1179648K
  class space    used 7854K, committed 8512K, reserved 1048576K
}
Event: 6487.460 GC heap after
{Heap after GC invocations=300 (full 3):
 PSYoungGen      total 2560K, used 160K [0x00000000d5580000, 0x00000000d5980000, 0x0000000100000000)
  eden space 2048K, 0% used [0x00000000d5580000,0x00000000d5580000,0x00000000d5780000)
  from space 512K, 31% used [0x00000000d5880000,0x00000000d58a8000,0x00000000d5900000)
  to   space 512K, 0% used [0x00000000d5900000,0x00000000d5900000,0x00000000d5980000)
 ParOldGen       total 276992K, used 276114K [0x0000000080000000, 0x0000000090e80000, 0x00000000d5580000)
  object space 276992K, 99% used [0x0000000080000000,0x0000000090da4830,0x0000000090e80000)
 Metaspace       used 73985K, committed 75584K, reserved 1179648K
  class space    used 7854K, committed 8512K, reserved 1048576K
}
Event: 6487.481 GC heap before
{Heap before GC invocations=301 (full 3):
 PSYoungGen      total 2560K, used 2208K [0x00000000d5580000, 0x00000000d5980000, 0x0000000100000000)
  eden space 2048K, 100% used [0x00000000d5580000,0x00000000d5780000,0x00000000d5780000)
  from space 512K, 31% used [0x00000000d5880000,0x00000000d58a8000,0x00000000d5900000)
  to   space 512K, 0% used [0x00000000d5900000,0x00000000d5900000,0x00000000d5980000)
 ParOldGen       total 276992K, used 276114K [0x0000000080000000, 0x0000000090e80000, 0x00000000d5580000)
  object space 276992K, 99% used [0x0000000080000000,0x0000000090da4830,0x0000000090e80000)
 Metaspace       used 73995K, committed 75584K, reserved 1179648K
  class space    used 7854K, committed 8512K, reserved 1048576K
}
Event: 6487.483 GC heap after
{Heap after GC invocations=301 (full 3):
 PSYoungGen      total 2560K, used 500K [0x00000000d5580000, 0x00000000d5980000, 0x0000000100000000)
  eden space 2048K, 0% used [0x00000000d5580000,0x00000000d5580000,0x00000000d5780000)
  from space 512K, 97% used [0x00000000d5900000,0x00000000d597d200,0x00000000d5980000)
  to   space 1024K, 0% used [0x00000000d5780000,0x00000000d5780000,0x00000000d5880000)
 ParOldGen       total 276992K, used 276226K [0x0000000080000000, 0x0000000090e80000, 0x00000000d5580000)
  object space 276992K, 99% used [0x0000000080000000,0x0000000090dc0830,0x0000000090e80000)
 Metaspace       used 73995K, committed 75584K, reserved 1179648K
  class space    used 7854K, committed 8512K, reserved 1048576K
}
Event: 6487.494 GC heap before
{Heap before GC invocations=302 (full 3):
 PSYoungGen      total 2560K, used 2548K [0x00000000d5580000, 0x00000000d5980000, 0x0000000100000000)
  eden space 2048K, 100% used [0x00000000d5580000,0x00000000d5780000,0x00000000d5780000)
  from space 512K, 97% used [0x00000000d5900000,0x00000000d597d200,0x00000000d5980000)
  to   space 1024K, 0% used [0x00000000d5780000,0x00000000d5780000,0x00000000d5880000)
 ParOldGen       total 276992K, used 276226K [0x0000000080000000, 0x0000000090e80000, 0x00000000d5580000)
  object space 276992K, 99% used [0x0000000080000000,0x0000000090dc0830,0x0000000090e80000)
 Metaspace       used 73997K, committed 75584K, reserved 1179648K
  class space    used 7854K, committed 8512K, reserved 1048576K
}
Event: 6487.496 GC heap after
{Heap after GC invocations=302 (full 3):
 PSYoungGen      total 3072K, used 416K [0x00000000d5580000, 0x00000000d5980000, 0x0000000100000000)
  eden space 2048K, 0% used [0x00000000d5580000,0x00000000d5580000,0x00000000d5780000)
  from space 1024K, 40% used [0x00000000d5780000,0x00000000d57e8000,0x00000000d5880000)
  to   space 512K, 0% used [0x00000000d5900000,0x00000000d5900000,0x00000000d5980000)
 ParOldGen       total 276992K, used 276625K [0x0000000080000000, 0x0000000090e80000, 0x00000000d5580000)
  object space 276992K, 99% used [0x0000000080000000,0x0000000090e24708,0x0000000090e80000)
 Metaspace       used 73997K, committed 75584K, reserved 1179648K
  class space    used 7854K, committed 8512K, reserved 1048576K
}

